<!DOCTYPE html>
<html>
<head>
<meta http-equiv="Content-Type" content="text/html; charset=utf-8"/>
<meta http-equiv="x-ua-compatible" content="IE=edge"/>
<title>Test results - Class com.phonebook.tests.CreateAccountTests</title>
<link href="../css/base-style.css" rel="stylesheet" type="text/css"/>
<link href="../css/style.css" rel="stylesheet" type="text/css"/>
<script src="../js/report.js" type="text/javascript"></script>
</head>
<body>
<div id="content">
<h1>Class com.phonebook.tests.CreateAccountTests</h1>
<div class="breadcrumbs">
<a href="../index.html">all</a> &gt; 
<a href="../packages/com.phonebook.tests.html">com.phonebook.tests</a> &gt; CreateAccountTests</div>
<div id="summary">
<table>
<tr>
<td>
<div class="summaryGroup">
<table>
<tr>
<td>
<div class="infoBox" id="tests">
<div class="counter">1</div>
<p>tests</p>
</div>
</td>
<td>
<div class="infoBox" id="failures">
<div class="counter">0</div>
<p>failures</p>
</div>
</td>
<td>
<div class="infoBox" id="ignored">
<div class="counter">0</div>
<p>ignored</p>
</div>
</td>
<td>
<div class="infoBox" id="duration">
<div class="counter">2.917s</div>
<p>duration</p>
</div>
</td>
</tr>
</table>
</div>
</td>
<td>
<div class="infoBox success" id="successRate">
<div class="percent">100%</div>
<p>successful</p>
</div>
</td>
</tr>
</table>
</div>
<div id="tabs">
<ul class="tabLinks">
<li>
<a href="#tab0">Tests</a>
</li>
<li>
<a href="#tab1">Standard output</a>
</li>
</ul>
<div id="tab0" class="tab">
<h2>Tests</h2>
<table>
<thead>
<tr>
<th>Test</th>
<th>Duration</th>
<th>Result</th>
</tr>
</thead>
<tr>
<td class="success">createExistedAccountNegativeTests</td>
<td class="success">2.917s</td>
<td class="success">passed</td>
</tr>
</table>
</div>
<div id="tab1" class="tab">
<h2>Standard output</h2>
<span class="code">
<pre>11:27:12.073 [Test worker] INFO  com.phonebook.tests.TestBase -- Start test!  createExistedAccountNegativeTests with data:[]
11:27:12.077 [Test worker] INFO  com.phonebook.utils.MyListener -- Before find Elements --&gt;By.cssSelector: [href='/login']
11:27:12.104 [Test worker] INFO  com.phonebook.utils.MyListener -- After find elements --&gt;By.cssSelector: [href='/login']
11:27:12.105 [Test worker] INFO  com.phonebook.utils.MyListener -- List size is 1
11:27:12.108 [Test worker] INFO  com.phonebook.utils.MyListener -- After find element --&gt; By.cssSelector: [href='/login']
11:27:12.203 [Test worker] INFO  com.phonebook.utils.MyListener -- After find element --&gt; By.name: email
11:27:12.286 [Test worker] INFO  com.phonebook.utils.MyListener -- After find element --&gt; By.name: email
11:27:12.350 [Test worker] INFO  com.phonebook.utils.MyListener -- After find element --&gt; By.name: email
11:27:12.419 [Test worker] INFO  com.phonebook.utils.MyListener -- After find element --&gt; By.name: password
11:27:12.475 [Test worker] INFO  com.phonebook.utils.MyListener -- After find element --&gt; By.name: password
11:27:12.524 [Test worker] INFO  com.phonebook.utils.MyListener -- After find element --&gt; By.name: password
11:27:12.573 [Test worker] INFO  com.phonebook.utils.MyListener -- After find element --&gt; By.name: registration
11:27:12.644 [Test worker] INFO  com.phonebook.utils.MyListener -- Something went wrong!!!
11:27:12.644 [Test worker] INFO  com.phonebook.utils.MyListener -- ***********************************************************
11:27:12.645 [Test worker] INFO  com.phonebook.utils.MyListener -- Method --&gt; alert
11:27:12.646 [Test worker] INFO  com.phonebook.utils.MyListener -- ***********************************************************
11:27:12.647 [Test worker] INFO  com.phonebook.utils.MyListener -- Object target --&gt; org.openqa.selenium.remote.RemoteWebDriver$RemoteTargetLocator@7ad1caa2
11:27:12.648 [Test worker] INFO  com.phonebook.utils.MyListener -- ***********************************************************
11:27:12.649 [Test worker] INFO  com.phonebook.utils.MyListener -- Target exception org.openqa.selenium.NoAlertPresentException: no such alert
  (Session info: chrome=126.0.6478.62)
Build info: version: '4.21.0', revision: '79ed462ef4'
System info: os.name: 'Windows 10', os.arch: 'amd64', os.version: '10.0', java.version: '11.0.22'
Driver info: org.openqa.selenium.chrome.ChromeDriver
Command: [80ee5a9a683d6716aba59a31823b4a49, getAlertText {}]
Capabilities {acceptInsecureCerts: false, browserName: chrome, browserVersion: 126.0.6478.62, chrome: {chromedriverVersion: 126.0.6478.55 (7616ff175414..., userDataDir: C:\Users\IMT-TE~1\AppData\L...}, fedcm:accounts: true, goog:chromeOptions: {debuggerAddress: localhost:62269}, networkConnectionEnabled: false, pageLoadStrategy: normal, platformName: windows, proxy: Proxy(), se:cdp: ws://localhost:62269/devtoo..., se:cdpVersion: 126.0.6478.62, setWindowRect: true, strictFileInteractability: false, timeouts: {implicit: 0, pageLoad: 300000, script: 30000}, unhandledPromptBehavior: dismiss and notify, webauthn:extension:credBlob: true, webauthn:extension:largeBlob: true, webauthn:extension:minPinLength: true, webauthn:extension:prf: true, webauthn:virtualAuthenticators: true}
Session ID: 80ee5a9a683d6716aba59a31823b4a49
11:27:13.173 [Test worker] INFO  com.phonebook.utils.MyListener -- Something went wrong!!!
11:27:13.173 [Test worker] INFO  com.phonebook.utils.MyListener -- ***********************************************************
11:27:13.173 [Test worker] INFO  com.phonebook.utils.MyListener -- Method --&gt; alert
11:27:13.173 [Test worker] INFO  com.phonebook.utils.MyListener -- ***********************************************************
11:27:13.173 [Test worker] INFO  com.phonebook.utils.MyListener -- Object target --&gt; org.openqa.selenium.remote.RemoteWebDriver$RemoteTargetLocator@3ed34ef5
11:27:13.173 [Test worker] INFO  com.phonebook.utils.MyListener -- ***********************************************************
11:27:13.173 [Test worker] INFO  com.phonebook.utils.MyListener -- Target exception org.openqa.selenium.NoAlertPresentException: no such alert
  (Session info: chrome=126.0.6478.62)
Build info: version: '4.21.0', revision: '79ed462ef4'
System info: os.name: 'Windows 10', os.arch: 'amd64', os.version: '10.0', java.version: '11.0.22'
Driver info: org.openqa.selenium.chrome.ChromeDriver
Command: [80ee5a9a683d6716aba59a31823b4a49, getAlertText {}]
Capabilities {acceptInsecureCerts: false, browserName: chrome, browserVersion: 126.0.6478.62, chrome: {chromedriverVersion: 126.0.6478.55 (7616ff175414..., userDataDir: C:\Users\IMT-TE~1\AppData\L...}, fedcm:accounts: true, goog:chromeOptions: {debuggerAddress: localhost:62269}, networkConnectionEnabled: false, pageLoadStrategy: normal, platformName: windows, proxy: Proxy(), se:cdp: ws://localhost:62269/devtoo..., se:cdpVersion: 126.0.6478.62, setWindowRect: true, strictFileInteractability: false, timeouts: {implicit: 0, pageLoad: 300000, script: 30000}, unhandledPromptBehavior: dismiss and notify, webauthn:extension:credBlob: true, webauthn:extension:largeBlob: true, webauthn:extension:minPinLength: true, webauthn:extension:prf: true, webauthn:virtualAuthenticators: true}
Session ID: 80ee5a9a683d6716aba59a31823b4a49
11:27:13.717 [Test worker] INFO  com.phonebook.utils.MyListener -- Before find Elements --&gt;By.xpath: //div[.='Registration failed with code 409']
11:27:13.752 [Test worker] INFO  com.phonebook.utils.MyListener -- After find elements --&gt;By.xpath: //div[.='Registration failed with code 409']
11:27:13.753 [Test worker] INFO  com.phonebook.utils.MyListener -- List size is 1
11:27:13.754 [Test worker] INFO  com.phonebook.utils.MyListener -- After find element --&gt; By.name: email
11:27:13.811 [Test worker] INFO  com.phonebook.utils.MyListener -- After find element --&gt; By.name: email
11:27:13.872 [Test worker] INFO  com.phonebook.utils.MyListener -- After find element --&gt; By.name: password
11:27:13.950 [Test worker] INFO  com.phonebook.utils.MyListener -- After find element --&gt; By.name: password
11:27:15.031 [Test worker] INFO  com.phonebook.tests.TestBase -- PASSED: createExistedAccountNegativeTests
11:27:15.032 [Test worker] INFO  com.phonebook.tests.TestBase -- Stop test!
11:27:15.032 [Test worker] INFO  com.phonebook.tests.TestBase -- ======================================================================
</pre>
</span>
</div>
</div>
<div id="footer">
<p>
<div>
<label class="hidden" id="label-for-line-wrapping-toggle" for="line-wrapping-toggle">Wrap lines
<input id="line-wrapping-toggle" type="checkbox" autocomplete="off"/>
</label>
</div>Generated by 
<a href="http://www.gradle.org">Gradle 8.8</a> at 24.06.2024, 11:27:37</p>
</div>
</div>
</body>
</html>
